<?xml version="1.0" encoding="UTF-8"?>
<!-- Generated by org.testng.reporters.JUnitReportReporter -->
<testsuite skipped="0" hostname="DESKTOP-37QOBBH" name="com.crm.qa.testcases.LoginPageTest" tests="1" failures="0" timestamp="2022-02-02T19:02:08 CST" time="7.396" errors="0">
  <testcase name="loginPageTitleTest" time="7.396" classname="com.crm.qa.testcases.LoginPageTest"/>
  <system-out/>
</testsuite> <!-- com.crm.qa.testcases.LoginPageTest -->
