<?xml version="1.0" encoding="UTF-8"?>
<!-- Generated by org.testng.reporters.JUnitReportReporter -->
<testsuite hostname="joshwas-MacBook-Pro.local" failures="0" tests="1" name="com.crm.qa.testcases.HomePageTest" time="12.554" errors="0" timestamp="2022-02-02T17:30:18 CST" skipped="0">
  <testcase classname="com.crm.qa.testcases.HomePageTest" name="verifyHomePageTitleTest" time="12.554"/>
  <system-out/>
</testsuite> <!-- com.crm.qa.testcases.HomePageTest -->
