<?xml version="1.0" encoding="UTF-8"?>
<!-- Generated by org.testng.reporters.JUnitReportReporter -->
<testsuite skipped="0" hostname="DESKTOP-37QOBBH" name="com.crm.qa.testcases.MailPageTest" tests="3" failures="0" timestamp="2022-02-03T14:18:01 CST" time="74.223" errors="0">
  <testcase name="verifyMailLabelTest" time="26.246" classname="com.crm.qa.testcases.MailPageTest"/>
  <system-out/>
  <testcase name="selectMailPageTest" time="23.097" classname="com.crm.qa.testcases.MailPageTest"/>
  <system-out/>
  <testcase name="verifyComposeMailTest" time="24.880" classname="com.crm.qa.testcases.MailPageTest"/>
  <system-out/>
</testsuite> <!-- com.crm.qa.testcases.MailPageTest -->
